### [bt]: This is batchtools v0.9.15
### [bt]: Starting calculation of 1 jobs
### [bt]: Setting working directory to '/athena/marchionnilab/scratch/clz4002/barbieri_marciscano/scRNA'
Loading required package: targets
### [bt]: Memory measurement disabled
### [bt]: Starting job [batchtools job.id=1]
### [bt]: Setting seed to 7173 ...
cellranger cellranger-7.0.0
Martian Runtime - v4.0.8
Serving UI at http://scu-node041:37944?auth=Zg-nJLVUpH2gB9y28XZgD84u8K_U9dlXGnyp4m0cCjk

Running preflight checks (please wait)...
Checking sample info...
Checking FASTQ folder...
Checking reference...
Checking reference_path (/athena/marchionnilab/scratch/clz4002/barbieri_marciscano/scRNA/data/refdata-gex-GRCh38-and-mm10-2020-A.tar.gz) on scu-node041...

[error] Your reference does not contain the expected files, or they are not readable. Please check your reference folder on scu-node041.

2022-08-02 11:23:20 Shutting down.
2022-08-02 11:23:20 Caught signal terminated
Saving pipestance info to "S20-22364_N/S20-22364_N.mri.tgz"
For assistance, upload this file to 10x Genomics by running:

cellranger upload <your_email> "S20-22364_N/S20-22364_N.mri.tgz"


### [bt]: Job terminated successfully [batchtools job.id=1]
### [bt]: Calculation finished!
