### [bt]: This is batchtools v0.9.15
### [bt]: Starting calculation of 1 jobs
### [bt]: Setting working directory to '/athena/marchionnilab/scratch/clz4002/barbieri_marciscano/scRNA'
Loading required package: targets
### [bt]: Memory measurement disabled
### [bt]: Starting job [batchtools job.id=1]
### [bt]: Setting seed to 25286 ...
refdata-gex-GRCh38-and-mm10-2020-A/
refdata-gex-GRCh38-and-mm10-2020-A/genes/
refdata-gex-GRCh38-and-mm10-2020-A/genes/genes.gtf
refdata-gex-GRCh38-and-mm10-2020-A/star/
refdata-gex-GRCh38-and-mm10-2020-A/star/genomeParameters.txt
refdata-gex-GRCh38-and-mm10-2020-A/star/geneInfo.tab
refdata-gex-GRCh38-and-mm10-2020-A/star/SA
refdata-gex-GRCh38-and-mm10-2020-A/star/SAindex
refdata-gex-GRCh38-and-mm10-2020-A/star/chrNameLength.txt
refdata-gex-GRCh38-and-mm10-2020-A/star/exonInfo.tab
refdata-gex-GRCh38-and-mm10-2020-A/star/chrStart.txt
refdata-gex-GRCh38-and-mm10-2020-A/star/sjdbList.out.tab
refdata-gex-GRCh38-and-mm10-2020-A/star/sjdbInfo.txt
refdata-gex-GRCh38-and-mm10-2020-A/star/transcriptInfo.tab
refdata-gex-GRCh38-and-mm10-2020-A/star/exonGeTrInfo.tab
refdata-gex-GRCh38-and-mm10-2020-A/star/chrLength.txt
refdata-gex-GRCh38-and-mm10-2020-A/star/chrName.txt
refdata-gex-GRCh38-and-mm10-2020-A/star/Genome
refdata-gex-GRCh38-and-mm10-2020-A/star/sjdbList.fromGTF.out.tab
refdata-gex-GRCh38-and-mm10-2020-A/pickle/
refdata-gex-GRCh38-and-mm10-2020-A/pickle/genes.pickle
refdata-gex-GRCh38-and-mm10-2020-A/reference.json
refdata-gex-GRCh38-and-mm10-2020-A/fasta/
refdata-gex-GRCh38-and-mm10-2020-A/fasta/genome.fa.fai
refdata-gex-GRCh38-and-mm10-2020-A/fasta/genome.fa

### [bt]: Job terminated successfully [batchtools job.id=1]
### [bt]: Calculation finished!
